bee   :1.4.1
beego :1.6.0
Go    :go version go1.6 linux/amd64

2016/04/05 09:57:43 [[94mINFO[0m] Uses 'server' as 'appname'
2016/04/05 09:57:43 [[94mINFO[0m] Detected bee.json
2016/04/05 09:57:43 [[94mINFO[0m] Initializing watcher...
2016/04/05 09:57:43 [[94mTRAC[0m] Directory([93m/home/edward/Project/library-practice/server/controllers[0m)
2016/04/05 09:57:43 [[94mTRAC[0m] Directory([93m/home/edward/Project/library-practice/server[0m)
2016/04/05 09:57:43 [[94mTRAC[0m] Directory([93m/home/edward/Project/library-practice/server/routes[0m)
2016/04/05 09:57:43 [[94mINFO[0m] Start building...
can't load package: package _/home/edward/Project/library-practice/server/controllers: cannot find package "_/home/edward/Project/library-practice/server/controllers" in any of:
	/home/fish/Util/go/src/_/home/edward/Project/library-practice/server/controllers (from $GOROOT)
	/home/edward/Project/fishgo/src/_/home/edward/Project/library-practice/server/controllers (from $GOPATH)
2016/04/05 09:57:44 [[91mERRO[0m] ============== Build failed ===================
bee   :1.4.1
beego :1.6.0
Go    :go version go1.6 linux/amd64

2016/04/05 09:57:52 [[94mINFO[0m] Uses 'server' as 'appname'
2016/04/05 09:57:52 [[94mINFO[0m] Detected bee.json
2016/04/05 09:57:52 [[94mINFO[0m] Initializing watcher...
2016/04/05 09:57:52 [[94mTRAC[0m] Directory([93m/home/edward/Project/library-practice/server/controllers[0m)
2016/04/05 09:57:52 [[94mTRAC[0m] Directory([93m/home/edward/Project/library-practice/server[0m)
2016/04/05 09:57:52 [[94mTRAC[0m] Directory([93m/home/edward/Project/library-practice/server/routes[0m)
2016/04/05 09:57:52 [[94mINFO[0m] Start building...
can't load package: package _/home/edward/Project/library-practice/server/controllers: cannot find package "_/home/edward/Project/library-practice/server/controllers" in any of:
	/home/fish/Util/go/src/_/home/edward/Project/library-practice/server/controllers (from $GOROOT)
	/home/edward/Project/fishgo/src/_/home/edward/Project/library-practice/server/controllers (from $GOPATH)
2016/04/05 09:57:53 [[91mERRO[0m] ============== Build failed ===================
2016/04/05 09:59:45 [EVEN] "/home/edward/Project/library-practice/server/main_safe_save_095945.go": CREATE
2016/04/05 09:59:45 [SKIP] [90m"/home/edward/Project/library-practice/server/main_safe_save_095945.go": MODIFY[0m
2016/04/05 09:59:45 [[91mERRO[0m] Fail to open file[[91mopen /home/edward/Project/library-practice/server/main.go: no such file or directory[0m]
2016/04/05 09:59:45 [EVEN] "/home/edward/Project/library-practice/server/main.go": DELETE
2016/04/05 09:59:45 [[91mERRO[0m] Fail to open file[[91mopen /home/edward/Project/library-practice/server/main_safe_save_095945.go: no such file or directory[0m]
2016/04/05 09:59:45 [SKIP] [90m"/home/edward/Project/library-practice/server/main_safe_save_095945.go": RENAME[0m
2016/04/05 09:59:45 [SKIP] [90m"/home/edward/Project/library-practice/server/main.go": CREATE[0m
2016/04/05 09:59:46 [[94mINFO[0m] Start building...
can't load package: package _/home/edward/Project/library-practice/server/controllers: cannot find package "_/home/edward/Project/library-practice/server/controllers" in any of:
	/home/fish/Util/go/src/_/home/edward/Project/library-practice/server/controllers (from $GOROOT)
	/home/edward/Project/fishgo/src/_/home/edward/Project/library-practice/server/controllers (from $GOPATH)
2016/04/05 09:59:46 [[91mERRO[0m] ============== Build failed ===================
2016/04/05 09:59:56 [EVEN] "/home/edward/Project/library-practice/server/routes/router_safe_save_095956.go": CREATE
2016/04/05 09:59:56 [SKIP] [90m"/home/edward/Project/library-practice/server/routes/router_safe_save_095956.go": MODIFY[0m
2016/04/05 09:59:56 [[91mERRO[0m] Fail to open file[[91mopen /home/edward/Project/library-practice/server/routes/router.go: no such file or directory[0m]
2016/04/05 09:59:56 [EVEN] "/home/edward/Project/library-practice/server/routes/router.go": DELETE
2016/04/05 09:59:56 [[91mERRO[0m] Fail to open file[[91mopen /home/edward/Project/library-practice/server/routes/router_safe_save_095956.go: no such file or directory[0m]
2016/04/05 09:59:56 [SKIP] [90m"/home/edward/Project/library-practice/server/routes/router_safe_save_095956.go": RENAME[0m
2016/04/05 09:59:56 [SKIP] [90m"/home/edward/Project/library-practice/server/routes/router.go": CREATE[0m
2016/04/05 09:59:57 [[94mINFO[0m] Start building...
can't load package: package _/home/edward/Project/library-practice/server/controllers: cannot find package "_/home/edward/Project/library-practice/server/controllers" in any of:
	/home/fish/Util/go/src/_/home/edward/Project/library-practice/server/controllers (from $GOROOT)
	/home/edward/Project/fishgo/src/_/home/edward/Project/library-practice/server/controllers (from $GOPATH)
2016/04/05 09:59:57 [[91mERRO[0m] ============== Build failed ===================
bee   :1.4.1
beego :1.6.0
Go    :go version go1.6 linux/amd64

2016/04/05 10:00:02 [[94mINFO[0m] Uses 'library' as 'appname'
2016/04/05 10:00:02 [[94mINFO[0m] Detected bee.json
2016/04/05 10:00:02 [[94mINFO[0m] Initializing watcher...
2016/04/05 10:00:02 [[94mTRAC[0m] Directory([93m/home/edward/Project/fishgo/src/library/controllers[0m)
2016/04/05 10:00:02 [[94mTRAC[0m] Directory([93m/home/edward/Project/fishgo/src/library[0m)
2016/04/05 10:00:02 [[94mTRAC[0m] Directory([93m/home/edward/Project/fishgo/src/library/routes[0m)
2016/04/05 10:00:02 [[94mINFO[0m] Start building...
# library/controllers
controllers/basecontroller.go:8: imported and not used: "reflect"
2016/04/05 10:00:19 [[91mERRO[0m] ============== Build failed ===================
2016/04/05 10:00:32 [EVEN] "/home/edward/Project/fishgo/src/library/controllers/basecontroller_safe_save_100032.go": CREATE
2016/04/05 10:00:32 [SKIP] [90m"/home/edward/Project/fishgo/src/library/controllers/basecontroller_safe_save_100032.go": MODIFY[0m
2016/04/05 10:00:32 [[91mERRO[0m] Fail to open file[[91mopen /home/edward/Project/fishgo/src/library/controllers/basecontroller.go: no such file or directory[0m]
2016/04/05 10:00:32 [EVEN] "/home/edward/Project/fishgo/src/library/controllers/basecontroller.go": DELETE
2016/04/05 10:00:32 [[91mERRO[0m] Fail to open file[[91mopen /home/edward/Project/fishgo/src/library/controllers/basecontroller_safe_save_100032.go: no such file or directory[0m]
2016/04/05 10:00:32 [SKIP] [90m"/home/edward/Project/fishgo/src/library/controllers/basecontroller_safe_save_100032.go": RENAME[0m
2016/04/05 10:00:32 [SKIP] [90m"/home/edward/Project/fishgo/src/library/controllers/basecontroller.go": CREATE[0m
2016/04/05 10:00:33 [[94mINFO[0m] Start building...
main.go:5:2: cannot find package "library/routers" in any of:
	/home/fish/Util/go/src/library/routers (from $GOROOT)
	/home/edward/Project/fishgo/src/library/routers (from $GOPATH)
2016/04/05 10:00:34 [[91mERRO[0m] ============== Build failed ===================
bee   :1.4.1
beego :1.6.0
Go    :go version go1.6 linux/amd64

2016/04/05 10:00:53 [[94mINFO[0m] Uses 'library' as 'appname'
2016/04/05 10:00:53 [[94mINFO[0m] Detected bee.json
2016/04/05 10:00:53 [[94mINFO[0m] Initializing watcher...
2016/04/05 10:00:53 [[94mTRAC[0m] Directory([93m/home/edward/Project/fishgo/src/library/controllers[0m)
2016/04/05 10:00:53 [[94mTRAC[0m] Directory([93m/home/edward/Project/fishgo/src/library[0m)
2016/04/05 10:00:53 [[94mTRAC[0m] Directory([93m/home/edward/Project/fishgo/src/library/routers[0m)
2016/04/05 10:00:53 [[94mINFO[0m] Start building...
2016/04/05 10:00:58 [[92mSUCC[0m] Build was successful
2016/04/05 10:00:58 [[94mINFO[0m] Restarting library ...
2016/04/05 10:00:58 [[94mINFO[0m] ./library is running...
2016/04/05 10:00:58 [1;34m[asm_amd64.s:1998][I] http server Running on :8003[0m
2016/04/05 10:00:58 [1;34m[asm_amd64.s:1998][I] http server Running on :8003[0m
2016/04/05 10:01:10 [1;34m[router.go:828][D] | GET        | /main/test                               | 211.339µs        | match      | /main/test                               | [0m
2016/04/05 10:01:10 [1;34m[router.go:828][D] | GET        | /main/test                               | 211.339µs        | match      | /main/test                               | [0m
2016/04/05 10:01:19 [1;34m[router.go:828][D] | GET        | /main/test                               | 135.286µs        | match      | /main/test                               | [0m
2016/04/05 10:01:19 [1;34m[router.go:828][D] | GET        | /main/test                               | 135.286µs        | match      | /main/test                               | [0m
2016/04/05 10:01:27 [EVEN] "/home/edward/Project/fishgo/src/library/controllers/maincontroller_safe_save_100127.go": CREATE
2016/04/05 10:01:27 [SKIP] [90m"/home/edward/Project/fishgo/src/library/controllers/maincontroller_safe_save_100127.go": MODIFY[0m
2016/04/05 10:01:27 [[91mERRO[0m] Fail to open file[[91mopen /home/edward/Project/fishgo/src/library/controllers/maincontroller.go: no such file or directory[0m]
2016/04/05 10:01:27 [EVEN] "/home/edward/Project/fishgo/src/library/controllers/maincontroller.go": DELETE
2016/04/05 10:01:28 [[91mERRO[0m] Fail to open file[[91mopen /home/edward/Project/fishgo/src/library/controllers/maincontroller_safe_save_100127.go: no such file or directory[0m]
2016/04/05 10:01:28 [EVEN] "/home/edward/Project/fishgo/src/library/controllers/maincontroller_safe_save_100127.go": RENAME
2016/04/05 10:01:28 [SKIP] [90m"/home/edward/Project/fishgo/src/library/controllers/maincontroller.go": CREATE[0m
2016/04/05 10:01:29 [[94mINFO[0m] Start building...
2016/04/05 10:01:34 [[92mSUCC[0m] Build was successful
2016/04/05 10:01:34 [[94mINFO[0m] Restarting library ...
2016/04/05 10:01:34 [[94mINFO[0m] ./library is running...
2016/04/05 10:01:34 [1;34m[asm_amd64.s:1998][I] http server Running on :8003[0m
2016/04/05 10:01:34 [1;34m[asm_amd64.s:1998][I] http server Running on :8003[0m
2016/04/05 10:01:52 [EVEN] "/home/edward/Project/fishgo/src/library/controllers/maincontroller_safe_save_100152.go": CREATE
2016/04/05 10:01:52 [SKIP] [90m"/home/edward/Project/fishgo/src/library/controllers/maincontroller_safe_save_100152.go": MODIFY[0m
2016/04/05 10:01:52 [[91mERRO[0m] Fail to open file[[91mopen /home/edward/Project/fishgo/src/library/controllers/maincontroller.go: no such file or directory[0m]
2016/04/05 10:01:52 [EVEN] "/home/edward/Project/fishgo/src/library/controllers/maincontroller.go": DELETE
2016/04/05 10:01:52 [[91mERRO[0m] Fail to open file[[91mopen /home/edward/Project/fishgo/src/library/controllers/maincontroller_safe_save_100152.go: no such file or directory[0m]
2016/04/05 10:01:52 [SKIP] [90m"/home/edward/Project/fishgo/src/library/controllers/maincontroller_safe_save_100152.go": RENAME[0m
2016/04/05 10:01:52 [SKIP] [90m"/home/edward/Project/fishgo/src/library/controllers/maincontroller.go": CREATE[0m
2016/04/05 10:01:53 [[94mINFO[0m] Start building...
2016/04/05 10:01:59 [[92mSUCC[0m] Build was successful
2016/04/05 10:01:59 [[94mINFO[0m] Restarting library ...
2016/04/05 10:01:59 [[94mINFO[0m] ./library is running...
2016/04/05 10:01:59 [1;34m[asm_amd64.s:1998][I] http server Running on :8003[0m
2016/04/05 10:01:59 [1;34m[asm_amd64.s:1998][I] http server Running on :8003[0m
2016/04/05 10:02:38 [EVEN] "/home/edward/Project/fishgo/src/library/controllers/maincontroller_safe_save_100238.go": CREATE
2016/04/05 10:02:38 [SKIP] [90m"/home/edward/Project/fishgo/src/library/controllers/maincontroller_safe_save_100238.go": MODIFY[0m
2016/04/05 10:02:38 [[91mERRO[0m] Fail to open file[[91mopen /home/edward/Project/fishgo/src/library/controllers/maincontroller.go: no such file or directory[0m]
2016/04/05 10:02:38 [EVEN] "/home/edward/Project/fishgo/src/library/controllers/maincontroller.go": DELETE
2016/04/05 10:02:38 [[91mERRO[0m] Fail to open file[[91mopen /home/edward/Project/fishgo/src/library/controllers/maincontroller_safe_save_100238.go: no such file or directory[0m]
2016/04/05 10:02:38 [SKIP] [90m"/home/edward/Project/fishgo/src/library/controllers/maincontroller_safe_save_100238.go": RENAME[0m
2016/04/05 10:02:38 [SKIP] [90m"/home/edward/Project/fishgo/src/library/controllers/maincontroller.go": CREATE[0m
2016/04/05 10:02:39 [[94mINFO[0m] Start building...
2016/04/05 10:02:45 [[92mSUCC[0m] Build was successful
2016/04/05 10:02:45 [[94mINFO[0m] Restarting library ...
2016/04/05 10:02:45 [[94mINFO[0m] ./library is running...
2016/04/05 10:02:45 [1;34m[asm_amd64.s:1998][I] http server Running on :8003[0m
2016/04/05 10:02:45 [1;34m[asm_amd64.s:1998][I] http server Running on :8003[0m
